mode: set
github.com/dory/go-TODOGotcha/todogotcha/todogotcha.go:40.32,60.2 15 0
github.com/dory/go-TODOGotcha/todogotcha/todogotcha.go:91.13,96.23 3 1
github.com/dory/go-TODOGotcha/todogotcha/todogotcha.go:106.2,106.25 1 1
github.com/dory/go-TODOGotcha/todogotcha/todogotcha.go:120.2,123.47 2 1
github.com/dory/go-TODOGotcha/todogotcha/todogotcha.go:134.2,134.27 1 1
github.com/dory/go-TODOGotcha/todogotcha/todogotcha.go:137.2,137.26 1 1
github.com/dory/go-TODOGotcha/todogotcha/todogotcha.go:142.2,142.13 1 1
github.com/dory/go-TODOGotcha/todogotcha/todogotcha.go:96.23,98.17 2 1
github.com/dory/go-TODOGotcha/todogotcha/todogotcha.go:98.17,100.4 1 0
github.com/dory/go-TODOGotcha/todogotcha/todogotcha.go:100.4,102.4 1 1
github.com/dory/go-TODOGotcha/todogotcha/todogotcha.go:106.25,108.17 2 0
github.com/dory/go-TODOGotcha/todogotcha/todogotcha.go:111.3,111.80 1 0
github.com/dory/go-TODOGotcha/todogotcha/todogotcha.go:116.3,116.29 1 0
github.com/dory/go-TODOGotcha/todogotcha/todogotcha.go:108.17,110.4 1 0
github.com/dory/go-TODOGotcha/todogotcha/todogotcha.go:111.80,112.52 1 0
github.com/dory/go-TODOGotcha/todogotcha/todogotcha.go:112.52,114.5 1 0
github.com/dory/go-TODOGotcha/todogotcha/todogotcha.go:123.47,125.26 2 0
github.com/dory/go-TODOGotcha/todogotcha/todogotcha.go:125.26,127.18 2 0
github.com/dory/go-TODOGotcha/todogotcha/todogotcha.go:131.4,131.25 1 0
github.com/dory/go-TODOGotcha/todogotcha/todogotcha.go:127.18,129.13 2 0
github.com/dory/go-TODOGotcha/todogotcha/todogotcha.go:134.27,136.3 1 0
github.com/dory/go-TODOGotcha/todogotcha/todogotcha.go:137.26,139.3 1 0
github.com/dory/go-TODOGotcha/todogotcha/todogotcha.go:146.18,147.27 1 1
github.com/dory/go-TODOGotcha/todogotcha/todogotcha.go:147.27,150.33 3 0
github.com/dory/go-TODOGotcha/todogotcha/todogotcha.go:153.3,156.13 4 0
github.com/dory/go-TODOGotcha/todogotcha/todogotcha.go:150.33,152.4 1 0
github.com/dory/go-TODOGotcha/todogotcha/todogotcha.go:160.25,163.70 3 0
github.com/dory/go-TODOGotcha/todogotcha/todogotcha.go:177.2,177.14 1 0
github.com/dory/go-TODOGotcha/todogotcha/todogotcha.go:163.70,164.22 1 0
github.com/dory/go-TODOGotcha/todogotcha/todogotcha.go:167.3,167.20 1 0
github.com/dory/go-TODOGotcha/todogotcha/todogotcha.go:164.22,166.4 1 0
github.com/dory/go-TODOGotcha/todogotcha/todogotcha.go:168.3,169.15 1 0
github.com/dory/go-TODOGotcha/todogotcha/todogotcha.go:170.3,171.16 1 0
github.com/dory/go-TODOGotcha/todogotcha/todogotcha.go:172.3,174.30 2 0
github.com/dory/go-TODOGotcha/todogotcha/todogotcha.go:182.54,191.31 6 1
github.com/dory/go-TODOGotcha/todogotcha/todogotcha.go:226.2,229.18 4 1
github.com/dory/go-TODOGotcha/todogotcha/todogotcha.go:191.31,197.21 4 1
github.com/dory/go-TODOGotcha/todogotcha/todogotcha.go:212.3,213.10 2 1
github.com/dory/go-TODOGotcha/todogotcha/todogotcha.go:218.3,218.28 1 1
github.com/dory/go-TODOGotcha/todogotcha/todogotcha.go:197.21,198.26 1 1
github.com/dory/go-TODOGotcha/todogotcha/todogotcha.go:201.4,205.18 4 1
github.com/dory/go-TODOGotcha/todogotcha/todogotcha.go:209.4,210.15 2 1
github.com/dory/go-TODOGotcha/todogotcha/todogotcha.go:198.26,200.5 1 0
github.com/dory/go-TODOGotcha/todogotcha/todogotcha.go:205.18,208.5 2 0
github.com/dory/go-TODOGotcha/todogotcha/todogotcha.go:213.10,215.4 1 0
github.com/dory/go-TODOGotcha/todogotcha/todogotcha.go:218.28,219.17 1 1
github.com/dory/go-TODOGotcha/todogotcha/todogotcha.go:219.17,222.5 2 1
github.com/dory/go-TODOGotcha/todogotcha/todogotcha.go:233.54,235.16 2 1
github.com/dory/go-TODOGotcha/todogotcha/todogotcha.go:238.2,238.15 1 1
github.com/dory/go-TODOGotcha/todogotcha/todogotcha.go:243.2,244.16 2 1
github.com/dory/go-TODOGotcha/todogotcha/todogotcha.go:247.2,247.19 1 1
github.com/dory/go-TODOGotcha/todogotcha/todogotcha.go:235.16,237.3 1 0
github.com/dory/go-TODOGotcha/todogotcha/todogotcha.go:238.15,239.45 1 1
github.com/dory/go-TODOGotcha/todogotcha/todogotcha.go:239.45,241.4 1 0
github.com/dory/go-TODOGotcha/todogotcha/todogotcha.go:244.16,246.3 1 0
github.com/dory/go-TODOGotcha/todogotcha/todogotcha.go:250.65,251.33 1 1
github.com/dory/go-TODOGotcha/todogotcha/todogotcha.go:256.2,256.14 1 1
github.com/dory/go-TODOGotcha/todogotcha/todogotcha.go:251.33,252.41 1 1
github.com/dory/go-TODOGotcha/todogotcha/todogotcha.go:252.41,254.4 1 1
github.com/dory/go-TODOGotcha/todogotcha/todogotcha.go:261.65,263.16 2 1
github.com/dory/go-TODOGotcha/todogotcha/todogotcha.go:267.2,267.15 1 1
github.com/dory/go-TODOGotcha/todogotcha/todogotcha.go:273.2,274.35 2 1
github.com/dory/go-TODOGotcha/todogotcha/todogotcha.go:283.2,283.17 1 1
github.com/dory/go-TODOGotcha/todogotcha/todogotcha.go:263.16,266.3 2 0
github.com/dory/go-TODOGotcha/todogotcha/todogotcha.go:267.15,268.35 1 1
github.com/dory/go-TODOGotcha/todogotcha/todogotcha.go:268.35,270.4 1 0
github.com/dory/go-TODOGotcha/todogotcha/todogotcha.go:274.35,275.34 1 1
github.com/dory/go-TODOGotcha/todogotcha/todogotcha.go:279.3,279.61 1 1
github.com/dory/go-TODOGotcha/todogotcha/todogotcha.go:275.34,278.4 2 0
github.com/dory/go-TODOGotcha/todogotcha/todogotcha.go:279.61,281.4 1 1
github.com/dory/go-TODOGotcha/todogotcha/todogotcha.go:289.127,303.34 6 1
github.com/dory/go-TODOGotcha/todogotcha/todogotcha.go:319.2,319.38 1 1
github.com/dory/go-TODOGotcha/todogotcha/todogotcha.go:347.2,348.16 2 1
github.com/dory/go-TODOGotcha/todogotcha/todogotcha.go:303.34,305.16 2 1
github.com/dory/go-TODOGotcha/todogotcha/todogotcha.go:311.3,312.22 2 1
github.com/dory/go-TODOGotcha/todogotcha/todogotcha.go:305.16,309.4 3 1
github.com/dory/go-TODOGotcha/todogotcha/todogotcha.go:312.22,316.4 3 0
github.com/dory/go-TODOGotcha/todogotcha/todogotcha.go:319.38,320.30 1 1
github.com/dory/go-TODOGotcha/todogotcha/todogotcha.go:320.30,321.45 1 1
github.com/dory/go-TODOGotcha/todogotcha/todogotcha.go:321.45,332.40 6 1
github.com/dory/go-TODOGotcha/todogotcha/todogotcha.go:335.5,335.38 1 1
github.com/dory/go-TODOGotcha/todogotcha/todogotcha.go:332.40,334.6 1 0
github.com/dory/go-TODOGotcha/todogotcha/todogotcha.go:335.38,343.6 7 0
github.com/dory/go-TODOGotcha/todogotcha/todogotcha.go:353.61,357.32 2 1
github.com/dory/go-TODOGotcha/todogotcha/todogotcha.go:369.2,369.34 1 1
github.com/dory/go-TODOGotcha/todogotcha/todogotcha.go:381.2,384.29 2 1
github.com/dory/go-TODOGotcha/todogotcha/todogotcha.go:392.2,392.16 1 1
github.com/dory/go-TODOGotcha/todogotcha/todogotcha.go:357.32,359.3 1 1
github.com/dory/go-TODOGotcha/todogotcha/todogotcha.go:359.3,361.17 2 0
github.com/dory/go-TODOGotcha/todogotcha/todogotcha.go:361.17,363.4 1 0
github.com/dory/go-TODOGotcha/todogotcha/todogotcha.go:363.4,365.4 1 0
github.com/dory/go-TODOGotcha/todogotcha/todogotcha.go:369.34,370.37 1 0
github.com/dory/go-TODOGotcha/todogotcha/todogotcha.go:370.37,372.18 2 0
github.com/dory/go-TODOGotcha/todogotcha/todogotcha.go:376.4,376.28 1 0
github.com/dory/go-TODOGotcha/todogotcha/todogotcha.go:372.18,374.13 2 0
github.com/dory/go-TODOGotcha/todogotcha/todogotcha.go:384.29,385.31 1 0
github.com/dory/go-TODOGotcha/todogotcha/todogotcha.go:385.31,387.23 2 0
github.com/dory/go-TODOGotcha/todogotcha/todogotcha.go:387.23,389.5 1 0
github.com/dory/go-TODOGotcha/todogotcha/todogotcha.go:397.50,401.26 3 1
github.com/dory/go-TODOGotcha/todogotcha/todogotcha.go:414.2,414.25 1 1
github.com/dory/go-TODOGotcha/todogotcha/todogotcha.go:441.2,441.27 1 1
github.com/dory/go-TODOGotcha/todogotcha/todogotcha.go:447.2,447.25 1 1
github.com/dory/go-TODOGotcha/todogotcha/todogotcha.go:401.26,403.17 2 0
github.com/dory/go-TODOGotcha/todogotcha/todogotcha.go:406.3,406.16 1 0
github.com/dory/go-TODOGotcha/todogotcha/todogotcha.go:403.17,405.4 1 0
github.com/dory/go-TODOGotcha/todogotcha/todogotcha.go:406.16,407.51 1 0
github.com/dory/go-TODOGotcha/todogotcha/todogotcha.go:407.51,409.5 1 0
github.com/dory/go-TODOGotcha/todogotcha/todogotcha.go:414.25,417.33 2 1
github.com/dory/go-TODOGotcha/todogotcha/todogotcha.go:420.3,423.38 2 1
github.com/dory/go-TODOGotcha/todogotcha/todogotcha.go:417.33,419.4 1 1
github.com/dory/go-TODOGotcha/todogotcha/todogotcha.go:423.38,425.43 2 1
github.com/dory/go-TODOGotcha/todogotcha/todogotcha.go:428.4,428.28 1 1
github.com/dory/go-TODOGotcha/todogotcha/todogotcha.go:425.43,427.5 1 1
github.com/dory/go-TODOGotcha/todogotcha/todogotcha.go:430.3,432.43 1 1
github.com/dory/go-TODOGotcha/todogotcha/todogotcha.go:432.43,434.31 2 1
github.com/dory/go-TODOGotcha/todogotcha/todogotcha.go:437.4,437.28 1 1
github.com/dory/go-TODOGotcha/todogotcha/todogotcha.go:434.31,436.5 1 1
github.com/dory/go-TODOGotcha/todogotcha/todogotcha.go:441.27,446.3 3 0
github.com/dory/go-TODOGotcha/todogotcha/todogotcha.go:447.25,449.3 1 0
github.com/dory/go-TODOGotcha/todogotcha/todogotcha.go:454.13,457.2 2 0
